<?xml version="1.0" encoding="UTF-8"?>
<!-- Generated by org.testng.reporters.JUnitXMLReporter -->
<testsuite hostname="IDLCAI407202" ignored="0" name="ICRM Test Cases For Create Cases" tests="4" failures="0" timestamp="17 Oct 2019 11:10:48 GMT" time="200.496" errors="0">
  <testcase name="DoLevel1" time="60.929" classname="com.icrm.qa.testcases.Level1"/>
  <testcase name="DoLevel1" time="33.806" classname="com.icrm.qa.testcases.Level1"/>
  <testcase name="DoLevel1" time="31.78" classname="com.icrm.qa.testcases.Level1"/>
  <testcase name="DoLevel1" time="32.817" classname="com.icrm.qa.testcases.Level1"/>
</testsuite> <!-- ICRM Test Cases For Create Cases -->
