<?xml version="1.0" encoding="UTF-8"?>
<!-- Generated by org.testng.reporters.JUnitXMLReporter -->
<testsuite hostname="IDLCAI407202" ignored="0" name="ICRM Test Cases For Create Cases" tests="3" failures="0" timestamp="25 Oct 2019 11:34:48 GMT" time="159.462" errors="0">
  <testcase name="DoLevel1" time="60.389" classname="com.icrm.qa.testcases.Level1"/>
  <testcase name="DoLevel1" time="41.977" classname="com.icrm.qa.testcases.Level1"/>
  <testcase name="DoLevel1" time="34.035" classname="com.icrm.qa.testcases.Level1"/>
</testsuite> <!-- ICRM Test Cases For Create Cases -->
